<?xml version="1.0" encoding="UTF-8"?>
<testsuite xmlns:xsi="http://www.w3.org/2001/XMLSchema-instance" xsi:noNamespaceSchemaLocation="https://maven.apache.org/surefire/maven-surefire-plugin/xsd/surefire-test-report.xsd" name="com.example.demo.RestApiApplicationTests" time="9.459" tests="8" errors="0" skipped="0" failures="0">
  <properties>
[...]
</properties>
  <testcase name="test1uploadTestWhenKeyIsGivenMD5 on test1uploadTestWhenKeyIsGivenMD5(com.example.demo.RestApiApplicationTests)" classname="com.example.demo.RestApiApplicationTests" time="2.235"/>
  <testcase name="test2uploadTestWhenKeyIsNotPresentMD5 on test2uploadTestWhenKeyIsNotPresentMD5(com.example.demo.RestApiApplicationTests)" classname="com.example.demo.RestApiApplicationTests" time="0.147"/>
  <testcase name="test3uploadTestWhenKeyIsGivenSHA256 on test3uploadTestWhenKeyIsGivenSHA256(com.example.demo.RestApiApplicationTests)" classname="com.example.demo.RestApiApplicationTests" time="0.063"/>
  <testcase name="test4uploadTestWhenKeyIsNotPresentSHA256 on test4uploadTestWhenKeyIsNotPresentSHA256(com.example.demo.RestApiApplicationTests)" classname="com.example.demo.RestApiApplicationTests" time="0.051"/>
  <testcase name="test5downloadDataWithFileKey on test5downloadDataWithFileKey(com.example.demo.RestApiApplicationTests)" classname="com.example.demo.RestApiApplicationTests" time="0.066"/>
  <testcase name="test6downloadDataWithoutKey on test6downloadDataWithoutKey(com.example.demo.RestApiApplicationTests)" classname="com.example.demo.RestApiApplicationTests" time="0.047"/>
  <testcase name="test7removeDataWithKey on test7removeDataWithKey(com.example.demo.RestApiApplicationTests)" classname="com.example.demo.RestApiApplicationTests" time="0.04"/>
  <testcase name="test8removeDataWithoutKey on test8removeDataWithoutKey(com.example.demo.RestApiApplicationTests)" classname="com.example.demo.RestApiApplicationTests" time="0.045"/>
</testsuite>