<?xml version="1.0" encoding="UTF-8"?>
<!-- Generated by org.testng.reporters.JUnitXMLReporter -->
<testsuite hostname="USABOS286475L" ignored="0" name="Surefire test" tests="8" failures="0" timestamp="2019-10-16T00:01:17 CDT" time="8.632" errors="0">
  <testcase name="test1uploadTestWhenKeyIsGivenMD5 on test1uploadTestWhenKeyIsGivenMD5(com.example.demo.RestApiApplicationTests)" time="7.317" classname="com.example.demo.RestApiApplicationTests"/>
  <testcase name="test2uploadTestWhenKeyIsNotPresentMD5 on test2uploadTestWhenKeyIsNotPresentMD5(com.example.demo.RestApiApplicationTests)" time="7.464" classname="com.example.demo.RestApiApplicationTests"/>
  <testcase name="test3uploadTestWhenKeyIsGivenSHA256 on test3uploadTestWhenKeyIsGivenSHA256(com.example.demo.RestApiApplicationTests)" time="7.527" classname="com.example.demo.RestApiApplicationTests"/>
  <testcase name="test4uploadTestWhenKeyIsNotPresentSHA256 on test4uploadTestWhenKeyIsNotPresentSHA256(com.example.demo.RestApiApplicationTests)" time="7.578" classname="com.example.demo.RestApiApplicationTests"/>
  <testcase name="test5downloadDataWithFileKey on test5downloadDataWithFileKey(com.example.demo.RestApiApplicationTests)" time="7.645" classname="com.example.demo.RestApiApplicationTests"/>
  <testcase name="test6downloadDataWithoutKey on test6downloadDataWithoutKey(com.example.demo.RestApiApplicationTests)" time="7.692" classname="com.example.demo.RestApiApplicationTests"/>
  <testcase name="test7removeDataWithKey on test7removeDataWithKey(com.example.demo.RestApiApplicationTests)" time="7.732" classname="com.example.demo.RestApiApplicationTests"/>
  <testcase name="test8removeDataWithoutKey on test8removeDataWithoutKey(com.example.demo.RestApiApplicationTests)" time="7.778" classname="com.example.demo.RestApiApplicationTests"/>
</testsuite> <!-- Surefire test -->
